<?xml version="1.0" encoding="UTF-8"?>
<!-- Generated by org.testng.reporters.JUnitReportReporter -->
<testsuite skipped="0" hostname="DESKTOP-G7LJERD" name="com.test.PefinWebApp.TestNgDriver" tests="5" failures="0" timestamp="01 Jun 2019 09:09:26 GMT" time="288.565" errors="0">
  <testcase name="Test1" time="68.857" classname="com.test.PefinWebApp.TestNgDriver"/>
  <testcase name="Test4" time="64.934" classname="com.test.PefinWebApp.TestNgDriver"/>
  <testcase name="Test2" time="62.797" classname="com.test.PefinWebApp.TestNgDriver"/>
  <testcase name="Test3" time="43.068" classname="com.test.PefinWebApp.TestNgDriver"/>
  <testcase name="Test5" time="48.909" classname="com.test.PefinWebApp.TestNgDriver"/>
</testsuite> <!-- com.test.PefinWebApp.TestNgDriver -->
