<?xml version="1.0" encoding="UTF-8"?>
<!-- Generated by org.testng.reporters.JUnitReportReporter -->
<testsuite skipped="0" hostname="DESKTOP-G7LJERD" name="com.test.PefinWebApp.TestNgDriver" tests="1" failures="0" timestamp="05 Jun 2019 18:41:37 GMT" time="60.852" errors="0">
  <testcase name="Test1" time="60.852" classname="com.test.PefinWebApp.TestNgDriver"/>
</testsuite> <!-- com.test.PefinWebApp.TestNgDriver -->
